Arguments: 
  /home/jee/.nvm/versions/node/v16.15.0/bin/node /home/jee/.yarn/bin/yarn.js init

PATH: 
  /home/jee/.yarn/bin:/home/jee/.config/yarn/global/node_modules/.bin:/home/jee/.vscode-server/bin/c3511e6c69bb39013c4a4b7b9566ec1ca73fc4d5/bin/remote-cli:/home/jee/.local/share/solana/install/active_release/bin:/home/jee/.cargo/bin:/home/jee/.yarn/bin:/home/jee/.config/yarn/global/node_modules/.bin:/home/jee/.nvm/versions/node/v16.15.0/bin:/usr/local/sbin:/usr/local/bin:/usr/sbin:/usr/bin:/sbin:/bin:/usr/games:/usr/local/games:/usr/lib/wsl/lib:/mnt/c/Python310/Scripts/:/mnt/c/Python310/:/mnt/c/Program Files (x86)/Razer Chroma SDK/bin:/mnt/c/Program Files/Razer Chroma SDK/bin:/mnt/c/Program Files (x86)/Razer/ChromaBroadcast/bin:/mnt/c/Program Files/Razer/ChromaBroadcast/bin:/mnt/c/WINDOWS/system32:/mnt/c/WINDOWS:/mnt/c/WINDOWS/System32/Wbem:/mnt/c/WINDOWS/System32/WindowsPowerShell/v1.0/:/mnt/c/WINDOWS/System32/OpenSSH/:/mnt/c/WINDOWS/system32/config/systemprofile/AppData/Local/Microsoft/WindowsApps:/mnt/c/Program Files/Perforce/Server/Server/:/mnt/c/Program Files/Perforce/Server/:/mnt/c/Program Files/Perforce/:/mnt/c/Program Files/dotnet/:/mnt/c/Program Files/Microsoft SQL Server/130/Tools/Binn/:/mnt/c/Program Files/Microsoft SQL Server/Client SDK/ODBC/170/Tools/Binn/:/mnt/c/ProgramData/chocolatey/bin:/mnt/c/Program Files/Git/cmd:/mnt/c/Users/ditti/AppData/Roaming/nvm:/mnt/c/Program Files/nodejs:/mnt/c/Program Files/Docker/Docker/resources/bin:/mnt/c/ProgramData/DockerDesktop/version-bin:/mnt/c/Program Files/nodejs/:/mnt/c/Users/ditti/.cargo/bin:/mnt/c/Users/ditti/.local/share/solana/install/active_release/bin:/mnt/c/Users/ditti/AppData/Local/Microsoft/WindowsApps:/mnt/c/Users/ditti/AppData/Local/GitHubDesktop/bin:/mnt/c/Users/ditti/.dotnet/tools:/mnt/c/Users/ditti/AppData/Local/Programs/Microsoft VS Code/bin:/mnt/c/Users/ditti/AppData/Roaming/nvm:/mnt/c/Users/ditti/AppData/Roaming/npm:/snap/bin

Yarn version: 
  1.22.19

Node version: 
  16.15.0

Platform: 
  linux x64

Trace: 
  Error: canceled
      at Interface.<anonymous> (/home/jee/.yarn/lib/cli.js:137150:13)
      at Interface.emit (node:events:527:28)
      at Interface._ttyWrite (node:readline:1081:16)
      at ReadStream.onkeypress (node:readline:288:10)
      at ReadStream.emit (node:events:527:28)
      at emitKeys (node:internal/readline/utils:358:14)
      at emitKeys.next (<anonymous>)
      at ReadStream.onData (node:internal/readline/emitKeypressEvents:61:36)
      at ReadStream.emit (node:events:527:28)
      at addChunk (node:internal/streams/readable:315:12)

npm manifest: 
  No manifest

yarn manifest: 
  No manifest

Lockfile: 
  No lockfile
